<?xml version="1.0" encoding="UTF-8"?>
<!-- Generated by org.testng.reporters.JUnitXMLReporter -->
<testsuite hostname="DESKTOP-NNILPMS" ignored="0" name="Default test" tests="3" failures="0" timestamp="2023-06-12T18:18:41 IST" time="2.851" errors="0">
  <testcase name="@BeforeTest launchbrowser" time="2.737" classname="Engrow_web.opschecklist">
    <failure type="org.openqa.selenium.SessionNotCreatedException" message="session not created: This version of ChromeDriver only supports Chrome version 112
Current browser version is 114.0.5735.110 with binary path C:\Program Files (x86)\Google\Chrome\Application\chrome.exe
Build info: version: &amp;apos;3.141.59&amp;apos;, revision: &amp;apos;e82be7d358&amp;apos;, time: &amp;apos;2018-11-14T08:25:48&amp;apos;
System info: host: &amp;apos;DESKTOP-NNILPMS&amp;apos;, ip: &amp;apos;192.168.2.80&amp;apos;, os.name: &amp;apos;Windows 10&amp;apos;, os.arch: &amp;apos;amd64&amp;apos;, os.version: &amp;apos;10.0&amp;apos;, java.version: &amp;apos;1.8.0_111&amp;apos;
Driver info: driver.version: ChromeDriver
remote stacktrace: Backtrace:
	GetHandleVerifier [0x0119DCE3+50899]
	(No symbol) [0x0112E111]
	(No symbol) [0x01035588]
	(No symbol) [0x0105570C]
	(No symbol) [0x01051471]
	(No symbol) [0x0104F479]
	(No symbol) [0x01081FFE]
	(No symbol) [0x01081CEC]
	(No symbol) [0x0107B6F6]
	(No symbol) [0x01057708]
	(No symbol) [0x0105886D]
	GetHandleVerifier [0x01403EAE+2566302]
	GetHandleVerifier [0x014392B1+2784417]
	GetHandleVerifier [0x0143327C+2759788]
	GetHandleVerifier [0x01235740+672048]
	(No symbol) [0x01138872]
	(No symbol) [0x011341C8]
	(No symbol) [0x011342AB]
	(No symbol) [0x011271B7]
	BaseThreadInitThunk [0x759500C9+25]
	RtlGetAppContainerNamedObjectPath [0x77437B4E+286]
	RtlGetAppContainerNamedObjectPath [0x77437B1E+238]
">
      <![CDATA[org.openqa.selenium.SessionNotCreatedException: session not created: This version of ChromeDriver only supports Chrome version 112
Current browser version is 114.0.5735.110 with binary path C:\Program Files (x86)\Google\Chrome\Application\chrome.exe
Build info: version: '3.141.59', revision: 'e82be7d358', time: '2018-11-14T08:25:48'
System info: host: 'DESKTOP-NNILPMS', ip: '192.168.2.80', os.name: 'Windows 10', os.arch: 'amd64', os.version: '10.0', java.version: '1.8.0_111'
Driver info: driver.version: ChromeDriver
remote stacktrace: Backtrace:
GetHandleVerifier [0x0119DCE3+50899]
(No symbol) [0x0112E111]
(No symbol) [0x01035588]
(No symbol) [0x0105570C]
(No symbol) [0x01051471]
(No symbol) [0x0104F479]
(No symbol) [0x01081FFE]
(No symbol) [0x01081CEC]
(No symbol) [0x0107B6F6]
(No symbol) [0x01057708]
(No symbol) [0x0105886D]
GetHandleVerifier [0x01403EAE+2566302]
GetHandleVerifier [0x014392B1+2784417]
GetHandleVerifier [0x0143327C+2759788]
GetHandleVerifier [0x01235740+672048]
(No symbol) [0x01138872]
(No symbol) [0x011341C8]
(No symbol) [0x011342AB]
(No symbol) [0x011271B7]
BaseThreadInitThunk [0x759500C9+25]
RtlGetAppContainerNamedObjectPath [0x77437B4E+286]
RtlGetAppContainerNamedObjectPath [0x77437B1E+238]

at sun.reflect.NativeConstructorAccessorImpl.newInstance0(Native Method)
at sun.reflect.NativeConstructorAccessorImpl.newInstance(Unknown Source)
at sun.reflect.DelegatingConstructorAccessorImpl.newInstance(Unknown Source)
at java.lang.reflect.Constructor.newInstance(Unknown Source)
at org.openqa.selenium.remote.W3CHandshakeResponse.lambda$errorHandler$0(W3CHandshakeResponse.java:62)
at org.openqa.selenium.remote.HandshakeResponse.lambda$getResponseFunction$0(HandshakeResponse.java:30)
at org.openqa.selenium.remote.ProtocolHandshake.lambda$createSession$0(ProtocolHandshake.java:126)
at java.util.stream.ReferencePipeline$3$1.accept(Unknown Source)
at java.util.Spliterators$ArraySpliterator.tryAdvance(Unknown Source)
at java.util.stream.ReferencePipeline.forEachWithCancel(Unknown Source)
at java.util.stream.AbstractPipeline.copyIntoWithCancel(Unknown Source)
at java.util.stream.AbstractPipeline.copyInto(Unknown Source)
at java.util.stream.AbstractPipeline.wrapAndCopyInto(Unknown Source)
at java.util.stream.FindOps$FindOp.evaluateSequential(Unknown Source)
at java.util.stream.AbstractPipeline.evaluate(Unknown Source)
at java.util.stream.ReferencePipeline.findFirst(Unknown Source)
at org.openqa.selenium.remote.ProtocolHandshake.createSession(ProtocolHandshake.java:128)
at org.openqa.selenium.remote.ProtocolHandshake.createSession(ProtocolHandshake.java:74)
at org.openqa.selenium.remote.HttpCommandExecutor.execute(HttpCommandExecutor.java:136)
at org.openqa.selenium.remote.service.DriverCommandExecutor.execute(DriverCommandExecutor.java:83)
at org.openqa.selenium.remote.RemoteWebDriver.execute(RemoteWebDriver.java:552)
at org.openqa.selenium.remote.RemoteWebDriver.startSession(RemoteWebDriver.java:213)
at org.openqa.selenium.remote.RemoteWebDriver.<init>(RemoteWebDriver.java:131)
at org.openqa.selenium.chrome.ChromeDriver.<init>(ChromeDriver.java:181)
at org.openqa.selenium.chrome.ChromeDriver.<init>(ChromeDriver.java:168)
at org.openqa.selenium.chrome.ChromeDriver.<init>(ChromeDriver.java:123)
at Engrow_web.opschecklist.launchbrowser(opschecklist.java:28)
at sun.reflect.NativeMethodAccessorImpl.invoke0(Native Method)
at sun.reflect.NativeMethodAccessorImpl.invoke(Unknown Source)
at sun.reflect.DelegatingMethodAccessorImpl.invoke(Unknown Source)
at java.lang.reflect.Method.invoke(Unknown Source)
at org.testng.internal.MethodInvocationHelper.invokeMethod(MethodInvocationHelper.java:133)
at org.testng.internal.MethodInvocationHelper.invokeMethodConsideringTimeout(MethodInvocationHelper.java:62)
at org.testng.internal.ConfigInvoker.invokeConfigurationMethod(ConfigInvoker.java:385)
at org.testng.internal.ConfigInvoker.invokeConfigurations(ConfigInvoker.java:321)
at org.testng.TestRunner.invokeTestConfigurations(TestRunner.java:637)
at org.testng.TestRunner.beforeRun(TestRunner.java:627)
at org.testng.TestRunner.run(TestRunner.java:589)
at org.testng.SuiteRunner.runTest(SuiteRunner.java:377)
at org.testng.SuiteRunner.runSequentially(SuiteRunner.java:371)
at org.testng.SuiteRunner.privateRun(SuiteRunner.java:332)
at org.testng.SuiteRunner.run(SuiteRunner.java:276)
at org.testng.SuiteRunnerWorker.runSuite(SuiteRunnerWorker.java:53)
at org.testng.SuiteRunnerWorker.run(SuiteRunnerWorker.java:96)
at org.testng.TestNG.runSuitesSequentially(TestNG.java:1212)
at org.testng.TestNG.runSuitesLocally(TestNG.java:1134)
at org.testng.TestNG.runSuites(TestNG.java:1063)
at org.testng.TestNG.run(TestNG.java:1031)
at org.testng.remote.AbstractRemoteTestNG.run(AbstractRemoteTestNG.java:115)
at org.testng.remote.RemoteTestNG.initAndRun(RemoteTestNG.java:251)
at org.testng.remote.RemoteTestNG.main(RemoteTestNG.java:77)
]]>
    </failure>
  </testcase> <!-- @BeforeTest launchbrowser -->
  <testcase name="signin" time="0.0" classname="Engrow_web.opschecklist">
    <skipped/>
  </testcase> <!-- signin -->
  <testcase name="moveto_opschecklist" time="0.0" classname="Engrow_web.opschecklist">
    <skipped/>
  </testcase> <!-- moveto_opschecklist -->
  <testcase name="selectingchecklist" time="0.0" classname="Engrow_web.opschecklist">
    <skipped/>
  </testcase> <!-- selectingchecklist -->
</testsuite> <!-- Default test -->
